C:\USERS\BURAK\DESKTOP\UYGULAMA_SEARCH\UYGULAMA_SEARCH\DEBUG\UYGULAMA_SEARCH.PCH
C:\USERS\BURAK\DESKTOP\UYGULAMA_SEARCH\UYGULAMA_SEARCH\DEBUG\STDAFX.OBJ
C:\USERS\BURAK\DESKTOP\UYGULAMA_SEARCH\UYGULAMA_SEARCH\DEBUG\VC110.PDB
C:\USERS\BURAK\DESKTOP\UYGULAMA_SEARCH\UYGULAMA_SEARCH\DEBUG\UYGULAMA_SEARCH.OBJ
C:\USERS\BURAK\DESKTOP\UYGULAMA_SEARCH\DEBUG\UYGULAMA_SEARCH.ILK
C:\USERS\BURAK\DESKTOP\UYGULAMA_SEARCH\DEBUG\UYGULAMA_SEARCH.EXE
C:\USERS\BURAK\DESKTOP\UYGULAMA_SEARCH\DEBUG\UYGULAMA_SEARCH.PDB
C:\Users\burak\Desktop\uygulama_search\uygulama_search\Debug\stdafx.obj
C:\Users\burak\Desktop\uygulama_search\uygulama_search\Debug\uygulama_search.obj
C:\Users\burak\Desktop\uygulama_search\uygulama_search\Debug\cl.command.1.tlog
C:\Users\burak\Desktop\uygulama_search\uygulama_search\Debug\CL.read.1.tlog
C:\Users\burak\Desktop\uygulama_search\uygulama_search\Debug\CL.write.1.tlog
C:\Users\burak\Desktop\uygulama_search\uygulama_search\Debug\link-cvtres.read.1.tlog
C:\Users\burak\Desktop\uygulama_search\uygulama_search\Debug\link-cvtres.write.1.tlog
C:\Users\burak\Desktop\uygulama_search\uygulama_search\Debug\link-rc.read.1.tlog
C:\Users\burak\Desktop\uygulama_search\uygulama_search\Debug\link-rc.write.1.tlog
C:\Users\burak\Desktop\uygulama_search\uygulama_search\Debug\link.command.1.tlog
C:\Users\burak\Desktop\uygulama_search\uygulama_search\Debug\link.read.1.tlog
C:\Users\burak\Desktop\uygulama_search\uygulama_search\Debug\link.write.1.tlog
C:\Users\burak\Desktop\uygulama_search\uygulama_search\Debug\uygulama_search.pch
C:\Users\burak\Desktop\uygulama_search\uygulama_search\Debug\vc110.idb
C:\Users\burak\Desktop\uygulama_search\uygulama_search\Debug\vc110.pdb
C:\Users\burak\Desktop\uygulama_search\Debug\uygulama_search.pdb
C:\Users\burak\Desktop\uygulama_search\Debug\uygulama_search.exe
C:\Users\burak\Desktop\uygulama_search\Debug\uygulama_search.ilk
